Command line invocation:
    /Applications/Xcode.app/Contents/Developer/usr/bin/xcodebuild -project lifelog.xcodeproj -scheme lifelog -destination generic/platform=iOS CODE_SIGNING_ALLOWED=NO

Build settings from command line:
    CODE_SIGNING_ALLOWED = NO

ComputePackagePrebuildTargetDependencyGraph

Prepare packages

CreateBuildRequest

SendProjectDescription

CreateBuildOperation

ComputeTargetDependencyGraph
note: Building targets in dependency order
note: Target dependency graph (1 target)
    Target 'lifelog' in project 'lifelog' (no dependencies)

GatherProvisioningInputs

CreateBuildDescription

ExecuteExternalTool /Applications/Xcode.app/Contents/Developer/Toolchains/XcodeDefault.xctoolchain/usr/bin/clang -v -E -dM -isysroot /Applications/Xcode.app/Contents/Developer/Platforms/iPhoneOS.platform/Developer/SDKs/iPhoneOS26.1.sdk -x c -c /dev/null

ExecuteExternalTool /Applications/Xcode.app/Contents/Developer/usr/bin/actool --print-asset-tag-combinations --output-format xml1 /Users/inazumimakoto/Desktop/lifelog/lifelog/Assets.xcassets

ExecuteExternalTool /Applications/Xcode.app/Contents/Developer/usr/bin/actool --version --output-format xml1

ExecuteExternalTool /Applications/Xcode.app/Contents/Developer/Toolchains/XcodeDefault.xctoolchain/usr/bin/swiftc --version

ExecuteExternalTool /Applications/Xcode.app/Contents/Developer/Toolchains/XcodeDefault.xctoolchain/usr/bin/ld -version_details

Build description signature: 01a278d0d424883cdf468d02108eba69
Build description path: /Users/inazumimakoto/Library/Developer/Xcode/DerivedData/lifelog-dlcpibjbhsajbleipoqwnvlvwlev/Build/Intermediates.noindex/XCBuildData/01a278d0d424883cdf468d02108eba69.xcbuilddata
ClangStatCache /Applications/Xcode.app/Contents/Developer/Toolchains/XcodeDefault.xctoolchain/usr/bin/clang-stat-cache /Applications/Xcode.app/Contents/Developer/Platforms/iPhoneOS.platform/Developer/SDKs/iPhoneOS26.1.sdk /Users/inazumimakoto/Library/Developer/Xcode/DerivedData/SDKStatCaches.noindex/iphoneos26.1-23B77-69b33fc7382b27d9b5d46e82a00f8e78.sdkstatcache
    cd /Users/inazumimakoto/Desktop/lifelog/lifelog.xcodeproj
    /Applications/Xcode.app/Contents/Developer/Toolchains/XcodeDefault.xctoolchain/usr/bin/clang-stat-cache /Applications/Xcode.app/Contents/Developer/Platforms/iPhoneOS.platform/Developer/SDKs/iPhoneOS26.1.sdk -o /Users/inazumimakoto/Library/Developer/Xcode/DerivedData/SDKStatCaches.noindex/iphoneos26.1-23B77-69b33fc7382b27d9b5d46e82a00f8e78.sdkstatcache

ProcessInfoPlistFile /Users/inazumimakoto/Library/Developer/Xcode/DerivedData/lifelog-dlcpibjbhsajbleipoqwnvlvwlev/Build/Products/Debug-iphoneos/lifelog.app/Info.plist /Users/inazumimakoto/Library/Developer/Xcode/DerivedData/lifelog-dlcpibjbhsajbleipoqwnvlvwlev/Build/Intermediates.noindex/lifelog.build/Debug-iphoneos/lifelog.build/empty-lifelog.plist (in target 'lifelog' from project 'lifelog')
    cd /Users/inazumimakoto/Desktop/lifelog
    builtin-infoPlistUtility /Users/inazumimakoto/Library/Developer/Xcode/DerivedData/lifelog-dlcpibjbhsajbleipoqwnvlvwlev/Build/Intermediates.noindex/lifelog.build/Debug-iphoneos/lifelog.build/empty-lifelog.plist -producttype com.apple.product-type.application -genpkginfo /Users/inazumimakoto/Library/Developer/Xcode/DerivedData/lifelog-dlcpibjbhsajbleipoqwnvlvwlev/Build/Products/Debug-iphoneos/lifelog.app/PkgInfo -expandbuildsettings -format binary -platform iphoneos -additionalcontentfile /Users/inazumimakoto/Library/Developer/Xcode/DerivedData/lifelog-dlcpibjbhsajbleipoqwnvlvwlev/Build/Intermediates.noindex/lifelog.build/Debug-iphoneos/lifelog.build/assetcatalog_generated_info.plist -requiredArchitecture arm64 -o /Users/inazumimakoto/Library/Developer/Xcode/DerivedData/lifelog-dlcpibjbhsajbleipoqwnvlvwlev/Build/Products/Debug-iphoneos/lifelog.app/Info.plist

SwiftDriver lifelog normal arm64 com.apple.xcode.tools.swift.compiler (in target 'lifelog' from project 'lifelog')
    cd /Users/inazumimakoto/Desktop/lifelog
    builtin-SwiftDriver -- /Applications/Xcode.app/Contents/Developer/Toolchains/XcodeDefault.xctoolchain/usr/bin/swiftc -module-name lifelog -Onone -enforce-exclusivity\=checked @/Users/inazumimakoto/Library/Developer/Xcode/DerivedData/lifelog-dlcpibjbhsajbleipoqwnvlvwlev/Build/Intermediates.noindex/lifelog.build/Debug-iphoneos/lifelog.build/Objects-normal/arm64/lifelog.SwiftFileList -DDEBUG -default-isolation\=MainActor -enable-bare-slash-regex -enable-upcoming-feature DisableOutwardActorInference -enable-upcoming-feature InferSendableFromCaptures -enable-upcoming-feature GlobalActorIsolatedTypesUsability -enable-upcoming-feature MemberImportVisibility -enable-upcoming-feature InferIsolatedConformances -enable-upcoming-feature NonisolatedNonsendingByDefault -enable-experimental-feature DebugDescriptionMacro -sdk /Applications/Xcode.app/Contents/Developer/Platforms/iPhoneOS.platform/Developer/SDKs/iPhoneOS26.1.sdk -target arm64-apple-ios17.0 -g -module-cache-path /Users/inazumimakoto/Library/Developer/Xcode/DerivedData/ModuleCache.noindex -Xfrontend -serialize-debugging-options -enable-testing -index-store-path /Users/inazumimakoto/Library/Developer/Xcode/DerivedData/lifelog-dlcpibjbhsajbleipoqwnvlvwlev/Index.noindex/DataStore -Xcc -D_LIBCPP_HARDENING_MODE\=_LIBCPP_HARDENING_MODE_DEBUG -swift-version 5 -I /Users/inazumimakoto/Library/Developer/Xcode/DerivedData/lifelog-dlcpibjbhsajbleipoqwnvlvwlev/Build/Products/Debug-iphoneos -F /Users/inazumimakoto/Library/Developer/Xcode/DerivedData/lifelog-dlcpibjbhsajbleipoqwnvlvwlev/Build/Products/Debug-iphoneos -emit-localized-strings -emit-localized-strings-path /Users/inazumimakoto/Library/Developer/Xcode/DerivedData/lifelog-dlcpibjbhsajbleipoqwnvlvwlev/Build/Intermediates.noindex/lifelog.build/Debug-iphoneos/lifelog.build/Objects-normal/arm64 -c -j10 -enable-batch-mode -incremental -Xcc -ivfsstatcache -Xcc /Users/inazumimakoto/Library/Developer/Xcode/DerivedData/SDKStatCaches.noindex/iphoneos26.1-23B77-69b33fc7382b27d9b5d46e82a00f8e78.sdkstatcache -output-file-map /Users/inazumimakoto/Library/Developer/Xcode/DerivedData/lifelog-dlcpibjbhsajbleipoqwnvlvwlev/Build/Intermediates.noindex/lifelog.build/Debug-iphoneos/lifelog.build/Objects-normal/arm64/lifelog-OutputFileMap.json -use-frontend-parseable-output -save-temps -no-color-diagnostics -explicit-module-build -module-cache-path /Users/inazumimakoto/Library/Developer/Xcode/DerivedData/lifelog-dlcpibjbhsajbleipoqwnvlvwlev/Build/Intermediates.noindex/SwiftExplicitPrecompiledModules -clang-scanner-module-cache-path /Users/inazumimakoto/Library/Developer/Xcode/DerivedData/ModuleCache.noindex -sdk-module-cache-path /Users/inazumimakoto/Library/Developer/Xcode/DerivedData/ModuleCache.noindex -serialize-diagnostics -emit-dependencies -emit-module -emit-module-path /Users/inazumimakoto/Library/Developer/Xcode/DerivedData/lifelog-dlcpibjbhsajbleipoqwnvlvwlev/Build/Intermediates.noindex/lifelog.build/Debug-iphoneos/lifelog.build/Objects-normal/arm64/lifelog.swiftmodule -validate-clang-modules-once -clang-build-session-file /Users/inazumimakoto/Library/Developer/Xcode/DerivedData/ModuleCache.noindex/Session.modulevalidation -Xcc -I/Users/inazumimakoto/Library/Developer/Xcode/DerivedData/lifelog-dlcpibjbhsajbleipoqwnvlvwlev/Build/Intermediates.noindex/lifelog.build/Debug-iphoneos/lifelog.build/swift-overrides.hmap -emit-const-values -Xfrontend -const-gather-protocols-file -Xfrontend /Users/inazumimakoto/Library/Developer/Xcode/DerivedData/lifelog-dlcpibjbhsajbleipoqwnvlvwlev/Build/Intermediates.noindex/lifelog.build/Debug-iphoneos/lifelog.build/Objects-normal/arm64/lifelog_const_extract_protocols.json -Xcc -iquote -Xcc /Users/inazumimakoto/Library/Developer/Xcode/DerivedData/lifelog-dlcpibjbhsajbleipoqwnvlvwlev/Build/Intermediates.noindex/lifelog.build/Debug-iphoneos/lifelog.build/lifelog-generated-files.hmap -Xcc -I/Users/inazumimakoto/Library/Developer/Xcode/DerivedData/lifelog-dlcpibjbhsajbleipoqwnvlvwlev/Build/Intermediates.noindex/lifelog.build/Debug-iphoneos/lifelog.build/lifelog-own-target-headers.hmap -Xcc -I/Users/inazumimakoto/Library/Developer/Xcode/DerivedData/lifelog-dlcpibjbhsajbleipoqwnvlvwlev/Build/Intermediates.noindex/lifelog.build/Debug-iphoneos/lifelog.build/lifelog-all-target-headers.hmap -Xcc -iquote -Xcc /Users/inazumimakoto/Library/Developer/Xcode/DerivedData/lifelog-dlcpibjbhsajbleipoqwnvlvwlev/Build/Intermediates.noindex/lifelog.build/Debug-iphoneos/lifelog.build/lifelog-project-headers.hmap -Xcc -I/Users/inazumimakoto/Library/Developer/Xcode/DerivedData/lifelog-dlcpibjbhsajbleipoqwnvlvwlev/Build/Products/Debug-iphoneos/include -Xcc -I/Users/inazumimakoto/Library/Developer/Xcode/DerivedData/lifelog-dlcpibjbhsajbleipoqwnvlvwlev/Build/Intermediates.noindex/lifelog.build/Debug-iphoneos/lifelog.build/DerivedSources-normal/arm64 -Xcc -I/Users/inazumimakoto/Library/Developer/Xcode/DerivedData/lifelog-dlcpibjbhsajbleipoqwnvlvwlev/Build/Intermediates.noindex/lifelog.build/Debug-iphoneos/lifelog.build/DerivedSources/arm64 -Xcc -I/Users/inazumimakoto/Library/Developer/Xcode/DerivedData/lifelog-dlcpibjbhsajbleipoqwnvlvwlev/Build/Intermediates.noindex/lifelog.build/Debug-iphoneos/lifelog.build/DerivedSources -Xcc -DDEBUG\=1 -emit-objc-header -emit-objc-header-path /Users/inazumimakoto/Library/Developer/Xcode/DerivedData/lifelog-dlcpibjbhsajbleipoqwnvlvwlev/Build/Intermediates.noindex/lifelog.build/Debug-iphoneos/lifelog.build/Objects-normal/arm64/lifelog-Swift.h -working-directory /Users/inazumimakoto/Desktop/lifelog -experimental-emit-module-separately -disable-cmo
/Users/inazumimakoto/Desktop/lifelog/lifelog/Views/Journal/JournalView.swift:2038:9: error: expected declaration
        .sheet(isPresented: $showDiaryEditor) {
        ^
/Users/inazumimakoto/Desktop/lifelog/lifelog/Views/Journal/JournalView.swift:1917:16: note: in declaration of 'ReviewDetailPanel'
private struct ReviewDetailPanel: View {
               ^
/Users/inazumimakoto/Desktop/lifelog/lifelog/Views/Journal/JournalView.swift:2059:1: error: extraneous '}' at top level
}
^
/Users/inazumimakoto/Desktop/lifelog/lifelog/Views/Journal/JournalView.swift:2038:9: error: Expected declaration
        .sheet(isPresented: $showDiaryEditor) {
        ^ (in target 'lifelog' from project 'lifelog')
/Users/inazumimakoto/Desktop/lifelog/lifelog/Views/Journal/JournalView.swift:1917:16: note: In declaration of 'ReviewDetailPanel'
private struct ReviewDetailPanel: View {
               ^ (in target 'lifelog' from project 'lifelog')
/Users/inazumimakoto/Desktop/lifelog/lifelog/Views/Journal/JournalView.swift:2059:1: error: Extraneous '}' at top level
}
^ (in target 'lifelog' from project 'lifelog')

** BUILD FAILED **


The following build commands failed:
	SwiftDriver lifelog normal arm64 com.apple.xcode.tools.swift.compiler (in target 'lifelog' from project 'lifelog')
	Building project lifelog with scheme lifelog
(2 failures)
